[main] INFO  Log4JProperties_Example  - Chrome Browser Opened::
[main] INFO  Log4JProperties_Example  - Application Has Been Opened::
[main] INFO  Log4JProperties_Example  - Clicked on REGISTER::
[main] INFO  Log4JProperties_Example  - Contact  Information Filled
[main] INFO  Log4JProperties_Example  - Mailing Information Filled
[main] INFO  Log4JProperties_Example  - User Information Filled
[main] INFO  Log4JProperties_Example  - Chrome Browser Opened::
[main] INFO  Log4JProperties_Example  - Application Has Been Opened::
[main] INFO  Log4JProperties_Example  - Clicked on REGISTER::
[main] INFO  Log4JProperties_Example  - Contact  Information Filled
[main] INFO  Log4JProperties_Example  - Mailing Information Filled
[main] INFO  Log4JProperties_Example  - User Information Filled
[main] INFO  Log4JProperties_Example  - Browser Closed
[main] INFO  Log4JProperties_Example  - Chrome Browser Opened::
[main] INFO  Log4JProperties_Example  - Application Has Been Opened::
[main] INFO  Log4JProperties_Example  - Clicked on REGISTER::
[main] INFO  Log4JProperties_Example  - Contact  Information Filled
[main] INFO  Log4JProperties_Example  - Mailing Information Filled
[main] INFO  Log4JProperties_Example  - User Information Filled
[main] INFO  Log4JProperties_Example  - Browser Closed
